#Software: Microsoft Internet Information Services 10.0
#Version: 1.0
#Date: 2018-02-21 18:19:49
#Fields: date time s-ip cs-method cs-uri-stem cs-uri-query s-port cs-username c-ip cs(User-Agent) cs(Referer) sc-status sc-substatus sc-win32-status time-taken
2018-02-21 18:19:49 ::1 DEBUG / - 53257 - ::1 - - 500 19 3 3
#Software: Microsoft Internet Information Services 10.0
#Version: 1.0
#Date: 2018-02-21 18:20:28
#Fields: date time s-ip cs-method cs-uri-stem cs-uri-query s-port cs-username c-ip cs(User-Agent) cs(Referer) sc-status sc-substatus sc-win32-status time-taken
2018-02-21 18:20:28 ::1 DEBUG / - 53257 - ::1 - - 500 19 3 2
#Software: Microsoft Internet Information Services 10.0
#Version: 1.0
#Date: 2018-02-21 18:20:38
#Fields: date time s-ip cs-method cs-uri-stem cs-uri-query s-port cs-username c-ip cs(User-Agent) cs(Referer) sc-status sc-substatus sc-win32-status time-taken
2018-02-21 18:20:38 ::1 DEBUG / - 53257 - ::1 - - 500 19 3 3
#Software: Microsoft Internet Information Services 10.0
#Version: 1.0
#Date: 2018-02-21 18:20:43
#Fields: date time s-ip cs-method cs-uri-stem cs-uri-query s-port cs-username c-ip cs(User-Agent) cs(Referer) sc-status sc-substatus sc-win32-status time-taken
2018-02-21 18:20:43 ::1 DEBUG / - 53257 - ::1 - - 500 19 3 2
#Software: Microsoft Internet Information Services 10.0
#Version: 1.0
#Date: 2018-02-21 18:21:16
#Fields: date time s-ip cs-method cs-uri-stem cs-uri-query s-port cs-username c-ip cs(User-Agent) cs(Referer) sc-status sc-substatus sc-win32-status time-taken
2018-02-21 18:21:16 ::1 DEBUG / - 53257 - ::1 - - 500 19 3 2
#Software: Microsoft Internet Information Services 10.0
#Version: 1.0
#Date: 2018-02-21 18:22:13
#Fields: date time s-ip cs-method cs-uri-stem cs-uri-query s-port cs-username c-ip cs(User-Agent) cs(Referer) sc-status sc-substatus sc-win32-status time-taken
2018-02-21 18:22:13 ::1 DEBUG / - 53257 - ::1 - - 500 19 3 3
#Software: Microsoft Internet Information Services 10.0
#Version: 1.0
#Date: 2018-02-21 18:22:26
#Fields: date time s-ip cs-method cs-uri-stem cs-uri-query s-port cs-username c-ip cs(User-Agent) cs(Referer) sc-status sc-substatus sc-win32-status time-taken
2018-02-21 18:22:26 ::1 DEBUG / - 53257 - ::1 - - 500 19 3 3
#Software: Microsoft Internet Information Services 10.0
#Version: 1.0
#Date: 2018-02-21 18:24:45
#Fields: date time s-ip cs-method cs-uri-stem cs-uri-query s-port cs-username c-ip cs(User-Agent) cs(Referer) sc-status sc-substatus sc-win32-status time-taken
2018-02-21 18:24:45 ::1 DEBUG / - 53257 - ::1 - - 500 19 3 2
#Software: Microsoft Internet Information Services 10.0
#Version: 1.0
#Date: 2018-02-21 18:25:14
#Fields: date time s-ip cs-method cs-uri-stem cs-uri-query s-port cs-username c-ip cs(User-Agent) cs(Referer) sc-status sc-substatus sc-win32-status time-taken
2018-02-21 18:25:14 ::1 DEBUG / - 53257 - ::1 - - 500 19 3 2
#Software: Microsoft Internet Information Services 10.0
#Version: 1.0
#Date: 2018-02-21 18:26:31
#Fields: date time s-ip cs-method cs-uri-stem cs-uri-query s-port cs-username c-ip cs(User-Agent) cs(Referer) sc-status sc-substatus sc-win32-status time-taken
2018-02-21 18:26:31 ::1 DEBUG / - 53257 - ::1 - - 500 19 3 3
#Software: Microsoft Internet Information Services 10.0
#Version: 1.0
#Date: 2018-02-21 18:27:10
#Fields: date time s-ip cs-method cs-uri-stem cs-uri-query s-port cs-username c-ip cs(User-Agent) cs(Referer) sc-status sc-substatus sc-win32-status time-taken
2018-02-21 18:27:10 ::1 DEBUG / - 53257 - ::1 - - 500 19 3 2
#Software: Microsoft Internet Information Services 10.0
#Version: 1.0
#Date: 2018-02-21 18:28:04
#Fields: date time s-ip cs-method cs-uri-stem cs-uri-query s-port cs-username c-ip cs(User-Agent) cs(Referer) sc-status sc-substatus sc-win32-status time-taken
2018-02-21 18:28:04 ::1 DEBUG / - 53257 - ::1 - - 500 19 3 2
#Software: Microsoft Internet Information Services 10.0
#Version: 1.0
#Date: 2018-02-21 18:40:58
#Fields: date time s-ip cs-method cs-uri-stem cs-uri-query s-port cs-username c-ip cs(User-Agent) cs(Referer) sc-status sc-substatus sc-win32-status time-taken
2018-02-21 18:40:58 ::1 DEBUG / - 53257 - ::1 - - 400 0 64 26831
2018-02-21 18:41:11 ::1 GET / - 53257 - ::1 Mozilla/5.0+(Windows+NT+10.0;+Win64;+x64)+AppleWebKit/537.36+(KHTML,+like+Gecko)+Chrome/58.0.3029.110+Safari/537.36+Edge/16.16299 - 200 0 0 31606
2018-02-21 18:41:27 ::1 GET /Home/Details/1 Name=Carlos&Age=30&Address=Mi%20casa 53257 - ::1 Mozilla/5.0+(Windows+NT+10.0;+Win64;+x64)+AppleWebKit/537.36+(KHTML,+like+Gecko)+Chrome/58.0.3029.110+Safari/537.36+Edge/16.16299 http://localhost:53257/ 200 0 0 445
2018-02-21 18:41:29 ::1 GET / - 53257 - ::1 Mozilla/5.0+(Windows+NT+10.0;+Win64;+x64)+AppleWebKit/537.36+(KHTML,+like+Gecko)+Chrome/58.0.3029.110+Safari/537.36+Edge/16.16299 - 200 0 0 61
2018-02-21 18:41:30 ::1 GET /Home/Details/1 Name=Julieta&Age=30&Address=Tambien 53257 - ::1 Mozilla/5.0+(Windows+NT+10.0;+Win64;+x64)+AppleWebKit/537.36+(KHTML,+like+Gecko)+Chrome/58.0.3029.110+Safari/537.36+Edge/16.16299 http://localhost:53257/ 200 0 0 48
2018-02-21 18:41:31 ::1 GET / - 53257 - ::1 Mozilla/5.0+(Windows+NT+10.0;+Win64;+x64)+AppleWebKit/537.36+(KHTML,+like+Gecko)+Chrome/58.0.3029.110+Safari/537.36+Edge/16.16299 - 200 0 0 55
2018-02-21 18:41:33 ::1 GET /Home/Details/1 Name=Oliver&Age=3&Address=En%20mi%20casa 53257 - ::1 Mozilla/5.0+(Windows+NT+10.0;+Win64;+x64)+AppleWebKit/537.36+(KHTML,+like+Gecko)+Chrome/58.0.3029.110+Safari/537.36+Edge/16.16299 http://localhost:53257/ 200 0 0 32
2018-02-21 18:41:34 ::1 GET / - 53257 - ::1 Mozilla/5.0+(Windows+NT+10.0;+Win64;+x64)+AppleWebKit/537.36+(KHTML,+like+Gecko)+Chrome/58.0.3029.110+Safari/537.36+Edge/16.16299 - 200 0 0 52
2018-02-21 18:41:34 ::1 GET /Home/Details/1 Name=Tamara&Age=13&Address=En%20mi%20casa 53257 - ::1 Mozilla/5.0+(Windows+NT+10.0;+Win64;+x64)+AppleWebKit/537.36+(KHTML,+like+Gecko)+Chrome/58.0.3029.110+Safari/537.36+Edge/16.16299 http://localhost:53257/ 200 0 0 36
2018-02-21 18:41:36 ::1 GET / - 53257 - ::1 Mozilla/5.0+(Windows+NT+10.0;+Win64;+x64)+AppleWebKit/537.36+(KHTML,+like+Gecko)+Chrome/58.0.3029.110+Safari/537.36+Edge/16.16299 - 200 0 0 34
2018-02-21 18:41:36 ::1 GET /Home/Details/1 Name=Dulce&Age=12&Address=En%20mi%20casa%20tambien 53257 - ::1 Mozilla/5.0+(Windows+NT+10.0;+Win64;+x64)+AppleWebKit/537.36+(KHTML,+like+Gecko)+Chrome/58.0.3029.110+Safari/537.36+Edge/16.16299 http://localhost:53257/ 200 0 0 32
2018-02-21 18:41:38 ::1 GET / - 53257 - ::1 Mozilla/5.0+(Windows+NT+10.0;+Win64;+x64)+AppleWebKit/537.36+(KHTML,+like+Gecko)+Chrome/58.0.3029.110+Safari/537.36+Edge/16.16299 - 200 0 0 33
2018-02-21 18:41:39 ::1 GET /Home/Create - 53257 - ::1 Mozilla/5.0+(Windows+NT+10.0;+Win64;+x64)+AppleWebKit/537.36+(KHTML,+like+Gecko)+Chrome/58.0.3029.110+Safari/537.36+Edge/16.16299 http://localhost:53257/ 200 0 0 819
2018-02-21 18:41:47 ::1 GET / - 53257 - ::1 Mozilla/5.0+(Windows+NT+10.0;+Win64;+x64)+AppleWebKit/537.36+(KHTML,+like+Gecko)+Chrome/58.0.3029.110+Safari/537.36+Edge/16.16299 - 200 0 0 35
2018-02-21 18:41:50 ::1 GET /Home/Create - 53257 - ::1 Mozilla/5.0+(Windows+NT+10.0;+Win64;+x64)+AppleWebKit/537.36+(KHTML,+like+Gecko)+Chrome/58.0.3029.110+Safari/537.36+Edge/16.16299 http://localhost:53257/ 200 0 0 70
2018-02-21 18:44:34 ::1 POST /Home/Save - 53257 - ::1 Mozilla/5.0+(Windows+NT+10.0;+Win64;+x64)+AppleWebKit/537.36+(KHTML,+like+Gecko)+Chrome/58.0.3029.110+Safari/537.36+Edge/16.16299 http://localhost:53257/Home/Create 400 0 64 119369
2018-02-21 18:46:06 ::1 POST /Home/Save - 53257 - ::1 Mozilla/5.0+(Windows+NT+10.0;+Win64;+x64)+AppleWebKit/537.36+(KHTML,+like+Gecko)+Chrome/58.0.3029.110+Safari/537.36+Edge/16.16299 http://localhost:53257/Home/Create 400 0 64 120824
2018-02-21 18:47:50 ::1 POST /Home/Save - 53257 - ::1 Mozilla/5.0+(Windows+NT+10.0;+Win64;+x64)+AppleWebKit/537.36+(KHTML,+like+Gecko)+Chrome/58.0.3029.110+Safari/537.36+Edge/16.16299 http://localhost:53257/Home/Create 502 3 12002 120061
2018-02-21 18:54:14 ::1 GET /Home/Create - 53257 - ::1 Mozilla/5.0+(Windows+NT+10.0;+Win64;+x64)+AppleWebKit/537.36+(KHTML,+like+Gecko)+Chrome/58.0.3029.110+Safari/537.36+Edge/16.16299 http://localhost:53257/ 400 0 64 32222
2018-02-21 18:54:14 ::1 GET / - 53257 - ::1 Mozilla/5.0+(Windows+NT+10.0;+Win64;+x64)+AppleWebKit/537.36+(KHTML,+like+Gecko)+Chrome/58.0.3029.110+Safari/537.36+Edge/16.16299 - 400 0 64 31814
2018-02-21 18:54:14 ::1 GET / - 53257 - ::1 Mozilla/5.0+(Windows+NT+10.0;+Win64;+x64)+AppleWebKit/537.36+(KHTML,+like+Gecko)+Chrome/58.0.3029.110+Safari/537.36+Edge/16.16299 - 400 0 64 26057
2018-02-21 18:54:17 ::1 POST /Home/Save - 53257 - ::1 Mozilla/5.0+(Windows+NT+10.0;+Win64;+x64)+AppleWebKit/537.36+(KHTML,+like+Gecko)+Chrome/58.0.3029.110+Safari/537.36+Edge/16.16299 http://localhost:53257/Home/Create 400 0 64 16504
2018-02-21 18:54:17 ::1 GET / - 53257 - ::1 Mozilla/5.0+(Windows+NT+10.0;+Win64;+x64)+AppleWebKit/537.36+(KHTML,+like+Gecko)+Chrome/58.0.3029.110+Safari/537.36+Edge/16.16299 - 400 0 64 20936
