#Software: Microsoft Internet Information Services 10.0
#Version: 1.0
#Date: 2018-02-21 20:26:53
#Fields: date time s-ip cs-method cs-uri-stem cs-uri-query s-port cs-username c-ip cs(User-Agent) cs(Referer) sc-status sc-substatus sc-win32-status time-taken
2018-02-21 20:26:53 ::1 DEBUG / - 57477 - ::1 - - 400 0 64 12989
2018-02-21 20:26:53 ::1 GET / - 57477 - ::1 Mozilla/5.0+(Windows+NT+10.0;+Win64;+x64)+AppleWebKit/537.36+(KHTML,+like+Gecko)+Chrome/58.0.3029.110+Safari/537.36+Edge/16.16299 - 200 0 0 6112
#Software: Microsoft Internet Information Services 10.0
#Version: 1.0
#Date: 2018-02-21 22:24:22
#Fields: date time s-ip cs-method cs-uri-stem cs-uri-query s-port cs-username c-ip cs(User-Agent) cs(Referer) sc-status sc-substatus sc-win32-status time-taken
2018-02-21 22:24:22 ::1 DEBUG / - 57477 - ::1 - - 400 0 64 11417
2018-02-21 22:24:27 ::1 GET / - 57477 - ::1 Mozilla/5.0+(Windows+NT+10.0;+Win64;+x64)+AppleWebKit/537.36+(KHTML,+like+Gecko)+Chrome/58.0.3029.110+Safari/537.36+Edge/16.16299 - 500 0 0 10811
2018-02-21 22:26:09 ::1 DEBUG / - 57477 - ::1 - - 400 0 64 5912
2018-02-21 22:26:14 ::1 GET / - 57477 - ::1 Mozilla/5.0+(Windows+NT+10.0;+Win64;+x64)+AppleWebKit/537.36+(KHTML,+like+Gecko)+Chrome/58.0.3029.110+Safari/537.36+Edge/16.16299 - 200 0 0 8652
2018-02-21 22:26:16 ::1 GET /Home/Details/1 Name=Carlos&Age=30&Address=Mi%20casa 57477 - ::1 Mozilla/5.0+(Windows+NT+10.0;+Win64;+x64)+AppleWebKit/537.36+(KHTML,+like+Gecko)+Chrome/58.0.3029.110+Safari/537.36+Edge/16.16299 http://localhost:57477/ 200 0 0 467
2018-02-21 22:26:17 ::1 GET / - 57477 - ::1 Mozilla/5.0+(Windows+NT+10.0;+Win64;+x64)+AppleWebKit/537.36+(KHTML,+like+Gecko)+Chrome/58.0.3029.110+Safari/537.36+Edge/16.16299 - 200 0 0 70
2018-02-21 22:26:21 ::1 GET /Home/Details/1 Name=Julieta&Age=30&Address=Tambien 57477 - ::1 Mozilla/5.0+(Windows+NT+10.0;+Win64;+x64)+AppleWebKit/537.36+(KHTML,+like+Gecko)+Chrome/58.0.3029.110+Safari/537.36+Edge/16.16299 http://localhost:57477/ 200 0 0 60
2018-02-21 22:26:22 ::1 GET / - 57477 - ::1 Mozilla/5.0+(Windows+NT+10.0;+Win64;+x64)+AppleWebKit/537.36+(KHTML,+like+Gecko)+Chrome/58.0.3029.110+Safari/537.36+Edge/16.16299 - 200 0 0 54
2018-02-21 22:26:24 ::1 GET /Home/Details/1 Name=Oliver&Age=3&Address=En%20mi%20casa 57477 - ::1 Mozilla/5.0+(Windows+NT+10.0;+Win64;+x64)+AppleWebKit/537.36+(KHTML,+like+Gecko)+Chrome/58.0.3029.110+Safari/537.36+Edge/16.16299 http://localhost:57477/ 200 0 0 35
2018-02-21 22:26:25 ::1 GET / - 57477 - ::1 Mozilla/5.0+(Windows+NT+10.0;+Win64;+x64)+AppleWebKit/537.36+(KHTML,+like+Gecko)+Chrome/58.0.3029.110+Safari/537.36+Edge/16.16299 - 200 0 0 59
2018-02-21 22:26:27 ::1 GET /Home/Create - 57477 - ::1 Mozilla/5.0+(Windows+NT+10.0;+Win64;+x64)+AppleWebKit/537.36+(KHTML,+like+Gecko)+Chrome/58.0.3029.110+Safari/537.36+Edge/16.16299 http://localhost:57477/ 200 0 0 825
2018-02-21 22:28:33 ::1 POST /Home/Save - 57477 - ::1 Mozilla/5.0+(Windows+NT+10.0;+Win64;+x64)+AppleWebKit/537.36+(KHTML,+like+Gecko)+Chrome/58.0.3029.110+Safari/537.36+Edge/16.16299 http://localhost:57477/Home/Create 200 0 0 136
2018-02-21 22:28:36 ::1 GET /Home/Details/7 Name=Carlos&Age=24&Address=Ciudad%20de%20M%C3%A9xico 57477 - ::1 Mozilla/5.0+(Windows+NT+10.0;+Win64;+x64)+AppleWebKit/537.36+(KHTML,+like+Gecko)+Chrome/58.0.3029.110+Safari/537.36+Edge/16.16299 http://localhost:57477/Home/Save 200 0 0 48
2018-02-21 22:28:39 ::1 GET /Home/Details/7 Name=Carlos&Age=24&Address=Ciudad%20de%20M%C3%A9xico 57477 - ::1 Mozilla/5.0+(Windows+NT+10.0;+Win64;+x64)+AppleWebKit/537.36+(KHTML,+like+Gecko)+Chrome/58.0.3029.110+Safari/537.36+Edge/16.16299 http://localhost:57477/Home/Save 200 0 0 32
2018-02-21 22:28:44 ::1 GET /Home/Details/7 Name=Carlos&Age=24&Address=Ciudad%20de%20M%C3%A9xico 57477 - ::1 Mozilla/5.0+(Windows+NT+10.0;+Win64;+x64)+AppleWebKit/537.36+(KHTML,+like+Gecko)+Chrome/58.0.3029.110+Safari/537.36+Edge/16.16299 http://localhost:57477/Home/Save 200 0 0 41
2018-02-21 22:28:44 ::1 GET /Home/Create - 57477 - ::1 Mozilla/5.0+(Windows+NT+10.0;+Win64;+x64)+AppleWebKit/537.36+(KHTML,+like+Gecko)+Chrome/58.0.3029.110+Safari/537.36+Edge/16.16299 http://localhost:57477/ 200 0 0 87
2018-02-21 22:28:46 ::1 GET / - 57477 - ::1 Mozilla/5.0+(Windows+NT+10.0;+Win64;+x64)+AppleWebKit/537.36+(KHTML,+like+Gecko)+Chrome/58.0.3029.110+Safari/537.36+Edge/16.16299 - 200 0 0 40
2018-02-21 22:28:47 ::1 GET /Home/Details/1 Name=Dulce&Age=12&Address=En%20mi%20casa%20tambien 57477 - ::1 Mozilla/5.0+(Windows+NT+10.0;+Win64;+x64)+AppleWebKit/537.36+(KHTML,+like+Gecko)+Chrome/58.0.3029.110+Safari/537.36+Edge/16.16299 http://localhost:57477/ 200 0 0 34
2018-02-21 22:28:47 ::1 GET / - 57477 - ::1 Mozilla/5.0+(Windows+NT+10.0;+Win64;+x64)+AppleWebKit/537.36+(KHTML,+like+Gecko)+Chrome/58.0.3029.110+Safari/537.36+Edge/16.16299 - 200 0 0 55
2018-02-21 22:28:49 ::1 GET /Home/Details/1 Name=Tamara&Age=13&Address=En%20mi%20casa 57477 - ::1 Mozilla/5.0+(Windows+NT+10.0;+Win64;+x64)+AppleWebKit/537.36+(KHTML,+like+Gecko)+Chrome/58.0.3029.110+Safari/537.36+Edge/16.16299 http://localhost:57477/ 200 0 0 35
2018-02-21 22:28:49 ::1 GET / - 57477 - ::1 Mozilla/5.0+(Windows+NT+10.0;+Win64;+x64)+AppleWebKit/537.36+(KHTML,+like+Gecko)+Chrome/58.0.3029.110+Safari/537.36+Edge/16.16299 - 200 0 0 73
2018-02-21 22:28:51 ::1 GET /Home/Details/7 Name=Carlos&Age=24&Address=Ciudad%20de%20M%C3%A9xico 57477 - ::1 Mozilla/5.0+(Windows+NT+10.0;+Win64;+x64)+AppleWebKit/537.36+(KHTML,+like+Gecko)+Chrome/58.0.3029.110+Safari/537.36+Edge/16.16299 http://localhost:57477/ 200 0 0 29
2018-02-21 22:28:51 ::1 GET / - 57477 - ::1 Mozilla/5.0+(Windows+NT+10.0;+Win64;+x64)+AppleWebKit/537.36+(KHTML,+like+Gecko)+Chrome/58.0.3029.110+Safari/537.36+Edge/16.16299 - 200 0 0 50
2018-02-21 22:28:54 ::1 GET /Home/Details/1 Name=Dulce&Age=12&Address=En%20mi%20casa%20tambien 57477 - ::1 Mozilla/5.0+(Windows+NT+10.0;+Win64;+x64)+AppleWebKit/537.36+(KHTML,+like+Gecko)+Chrome/58.0.3029.110+Safari/537.36+Edge/16.16299 http://localhost:57477/ 200 0 0 42
2018-02-21 22:28:54 ::1 GET / - 57477 - ::1 Mozilla/5.0+(Windows+NT+10.0;+Win64;+x64)+AppleWebKit/537.36+(KHTML,+like+Gecko)+Chrome/58.0.3029.110+Safari/537.36+Edge/16.16299 - 200 0 0 43
2018-02-21 22:28:55 ::1 GET / - 57477 - ::1 Mozilla/5.0+(Windows+NT+10.0;+Win64;+x64)+AppleWebKit/537.36+(KHTML,+like+Gecko)+Chrome/58.0.3029.110+Safari/537.36+Edge/16.16299 - 200 0 0 64
2018-02-21 22:28:57 ::1 GET /Home/Details/1 Name=Carlos&Age=30&Address=Mi%20casa 57477 - ::1 Mozilla/5.0+(Windows+NT+10.0;+Win64;+x64)+AppleWebKit/537.36+(KHTML,+like+Gecko)+Chrome/58.0.3029.110+Safari/537.36+Edge/16.16299 http://localhost:57477/ 200 0 0 35
2018-02-21 22:28:57 ::1 GET / - 57477 - ::1 Mozilla/5.0+(Windows+NT+10.0;+Win64;+x64)+AppleWebKit/537.36+(KHTML,+like+Gecko)+Chrome/58.0.3029.110+Safari/537.36+Edge/16.16299 - 200 0 0 34
2018-02-21 22:28:58 ::1 GET /Home/Details/1 Name=Julieta&Age=30&Address=Tambien 57477 - ::1 Mozilla/5.0+(Windows+NT+10.0;+Win64;+x64)+AppleWebKit/537.36+(KHTML,+like+Gecko)+Chrome/58.0.3029.110+Safari/537.36+Edge/16.16299 http://localhost:57477/ 200 0 0 35
2018-02-21 22:28:58 ::1 GET / - 57477 - ::1 Mozilla/5.0+(Windows+NT+10.0;+Win64;+x64)+AppleWebKit/537.36+(KHTML,+like+Gecko)+Chrome/58.0.3029.110+Safari/537.36+Edge/16.16299 - 200 0 0 55
2018-02-21 22:29:00 ::1 GET /Home/Details/1 Name=Oliver&Age=3&Address=En%20mi%20casa 57477 - ::1 Mozilla/5.0+(Windows+NT+10.0;+Win64;+x64)+AppleWebKit/537.36+(KHTML,+like+Gecko)+Chrome/58.0.3029.110+Safari/537.36+Edge/16.16299 http://localhost:57477/ 200 0 0 42
2018-02-21 22:29:00 ::1 GET / - 57477 - ::1 Mozilla/5.0+(Windows+NT+10.0;+Win64;+x64)+AppleWebKit/537.36+(KHTML,+like+Gecko)+Chrome/58.0.3029.110+Safari/537.36+Edge/16.16299 - 200 0 0 43
2018-02-21 22:29:02 ::1 GET /Home/Details/1 Name=Tamara&Age=13&Address=En%20mi%20casa 57477 - ::1 Mozilla/5.0+(Windows+NT+10.0;+Win64;+x64)+AppleWebKit/537.36+(KHTML,+like+Gecko)+Chrome/58.0.3029.110+Safari/537.36+Edge/16.16299 http://localhost:57477/ 200 0 0 36
2018-02-21 22:29:04 ::1 GET / - 57477 - ::1 Mozilla/5.0+(Windows+NT+10.0;+Win64;+x64)+AppleWebKit/537.36+(KHTML,+like+Gecko)+Chrome/58.0.3029.110+Safari/537.36+Edge/16.16299 - 200 0 0 34
2018-02-21 22:29:05 ::1 GET /Home/Details/1 Name=Dulce&Age=12&Address=En%20mi%20casa%20tambien 57477 - ::1 Mozilla/5.0+(Windows+NT+10.0;+Win64;+x64)+AppleWebKit/537.36+(KHTML,+like+Gecko)+Chrome/58.0.3029.110+Safari/537.36+Edge/16.16299 http://localhost:57477/ 200 0 0 35
2018-02-21 22:29:05 ::1 GET / - 57477 - ::1 Mozilla/5.0+(Windows+NT+10.0;+Win64;+x64)+AppleWebKit/537.36+(KHTML,+like+Gecko)+Chrome/58.0.3029.110+Safari/537.36+Edge/16.16299 - 200 0 0 37
2018-02-21 22:29:07 ::1 GET /Home/Details/7 Name=Carlos&Age=24&Address=Ciudad%20de%20M%C3%A9xico 57477 - ::1 Mozilla/5.0+(Windows+NT+10.0;+Win64;+x64)+AppleWebKit/537.36+(KHTML,+like+Gecko)+Chrome/58.0.3029.110+Safari/537.36+Edge/16.16299 http://localhost:57477/ 200 0 0 49
2018-02-21 22:29:07 ::1 GET / - 57477 - ::1 Mozilla/5.0+(Windows+NT+10.0;+Win64;+x64)+AppleWebKit/537.36+(KHTML,+like+Gecko)+Chrome/58.0.3029.110+Safari/537.36+Edge/16.16299 - 200 0 0 34
2018-02-21 22:29:09 ::1 GET /Home/Details/1 Name=Dulce&Age=12&Address=En%20mi%20casa%20tambien 57477 - ::1 Mozilla/5.0+(Windows+NT+10.0;+Win64;+x64)+AppleWebKit/537.36+(KHTML,+like+Gecko)+Chrome/58.0.3029.110+Safari/537.36+Edge/16.16299 http://localhost:57477/ 200 0 0 39
2018-02-21 22:29:09 ::1 GET / - 57477 - ::1 Mozilla/5.0+(Windows+NT+10.0;+Win64;+x64)+AppleWebKit/537.36+(KHTML,+like+Gecko)+Chrome/58.0.3029.110+Safari/537.36+Edge/16.16299 - 200 0 0 42
2018-02-21 22:29:12 ::1 GET /Home/Details/1 Name=Carlos&Age=30&Address=Mi%20casa 57477 - ::1 Mozilla/5.0+(Windows+NT+10.0;+Win64;+x64)+AppleWebKit/537.36+(KHTML,+like+Gecko)+Chrome/58.0.3029.110+Safari/537.36+Edge/16.16299 http://localhost:57477/ 200 0 0 35
2018-02-21 22:29:13 ::1 GET / - 57477 - ::1 Mozilla/5.0+(Windows+NT+10.0;+Win64;+x64)+AppleWebKit/537.36+(KHTML,+like+Gecko)+Chrome/58.0.3029.110+Safari/537.36+Edge/16.16299 - 200 0 0 48
2018-02-21 22:30:54 ::1 DEBUG / - 57477 - ::1 - - 400 0 64 7590
2018-02-21 22:30:59 ::1 GET / - 57477 - ::1 Mozilla/5.0+(Windows+NT+10.0;+Win64;+x64)+AppleWebKit/537.36+(KHTML,+like+Gecko)+Chrome/58.0.3029.110+Safari/537.36+Edge/16.16299 - 200 0 0 6766
2018-02-21 22:31:45 ::1 DEBUG / - 57477 - ::1 - - 400 0 64 7315
2018-02-21 22:31:49 ::1 GET / - 57477 - ::1 Mozilla/5.0+(Windows+NT+10.0;+Win64;+x64)+AppleWebKit/537.36+(KHTML,+like+Gecko)+Chrome/58.0.3029.110+Safari/537.36+Edge/16.16299 - 200 0 0 6506
2018-02-21 22:31:58 ::1 GET /Home/Create - 57477 - ::1 Mozilla/5.0+(Windows+NT+10.0;+Win64;+x64)+AppleWebKit/537.36+(KHTML,+like+Gecko)+Chrome/58.0.3029.110+Safari/537.36+Edge/16.16299 http://localhost:57477/ 200 0 0 840
2018-02-21 22:32:08 ::1 POST /Home/Save - 57477 - ::1 Mozilla/5.0+(Windows+NT+10.0;+Win64;+x64)+AppleWebKit/537.36+(KHTML,+like+Gecko)+Chrome/58.0.3029.110+Safari/537.36+Edge/16.16299 http://localhost:57477/Home/Create 200 0 0 142
2018-02-21 22:32:11 ::1 GET /Home/Details/7 Name=Ventura&Age=24&Address=Morelia 57477 - ::1 Mozilla/5.0+(Windows+NT+10.0;+Win64;+x64)+AppleWebKit/537.36+(KHTML,+like+Gecko)+Chrome/58.0.3029.110+Safari/537.36+Edge/16.16299 http://localhost:57477/Home/Save 200 0 0 253
2018-02-21 22:32:12 ::1 GET /Home/Create - 57477 - ::1 Mozilla/5.0+(Windows+NT+10.0;+Win64;+x64)+AppleWebKit/537.36+(KHTML,+like+Gecko)+Chrome/58.0.3029.110+Safari/537.36+Edge/16.16299 http://localhost:57477/ 200 0 0 61
2018-02-21 22:32:16 ::1 GET /Home/Create - 57477 - ::1 Mozilla/5.0+(Windows+NT+10.0;+Win64;+x64)+AppleWebKit/537.36+(KHTML,+like+Gecko)+Chrome/58.0.3029.110+Safari/537.36+Edge/16.16299 http://localhost:57477/ 200 0 0 53
2018-02-21 22:32:16 ::1 GET / - 57477 - ::1 Mozilla/5.0+(Windows+NT+10.0;+Win64;+x64)+AppleWebKit/537.36+(KHTML,+like+Gecko)+Chrome/58.0.3029.110+Safari/537.36+Edge/16.16299 - 200 0 0 40
2018-02-21 22:32:19 ::1 GET /Home/Details/7 Name=Ventura&Age=24&Address=Morelia 57477 - ::1 Mozilla/5.0+(Windows+NT+10.0;+Win64;+x64)+AppleWebKit/537.36+(KHTML,+like+Gecko)+Chrome/58.0.3029.110+Safari/537.36+Edge/16.16299 http://localhost:57477/ 200 0 0 32
2018-02-21 22:32:20 ::1 GET / - 57477 - ::1 Mozilla/5.0+(Windows+NT+10.0;+Win64;+x64)+AppleWebKit/537.36+(KHTML,+like+Gecko)+Chrome/58.0.3029.110+Safari/537.36+Edge/16.16299 - 200 0 0 37
2018-02-21 22:32:22 ::1 GET /Home/Details/1 Name=Dulce&Age=12&Address=En%20mi%20casa%20tambien 57477 - ::1 Mozilla/5.0+(Windows+NT+10.0;+Win64;+x64)+AppleWebKit/537.36+(KHTML,+like+Gecko)+Chrome/58.0.3029.110+Safari/537.36+Edge/16.16299 http://localhost:57477/ 200 0 0 33
2018-02-21 22:32:22 ::1 GET / - 57477 - ::1 Mozilla/5.0+(Windows+NT+10.0;+Win64;+x64)+AppleWebKit/537.36+(KHTML,+like+Gecko)+Chrome/58.0.3029.110+Safari/537.36+Edge/16.16299 - 200 0 0 37
2018-02-21 22:32:24 ::1 GET /Home/Details/1 Name=Oliver&Age=3&Address=En%20mi%20casa 57477 - ::1 Mozilla/5.0+(Windows+NT+10.0;+Win64;+x64)+AppleWebKit/537.36+(KHTML,+like+Gecko)+Chrome/58.0.3029.110+Safari/537.36+Edge/16.16299 http://localhost:57477/ 200 0 0 51
2018-02-21 22:32:24 ::1 GET / - 57477 - ::1 Mozilla/5.0+(Windows+NT+10.0;+Win64;+x64)+AppleWebKit/537.36+(KHTML,+like+Gecko)+Chrome/58.0.3029.110+Safari/537.36+Edge/16.16299 - 200 0 0 61
2018-02-21 22:32:25 ::1 GET /Home/Details/1 Name=Oliver&Age=3&Address=En%20mi%20casa 57477 - ::1 Mozilla/5.0+(Windows+NT+10.0;+Win64;+x64)+AppleWebKit/537.36+(KHTML,+like+Gecko)+Chrome/58.0.3029.110+Safari/537.36+Edge/16.16299 http://localhost:57477/ 200 0 0 65
2018-02-21 22:32:25 ::1 GET / - 57477 - ::1 Mozilla/5.0+(Windows+NT+10.0;+Win64;+x64)+AppleWebKit/537.36+(KHTML,+like+Gecko)+Chrome/58.0.3029.110+Safari/537.36+Edge/16.16299 - 200 0 0 36
2018-02-21 22:32:27 ::1 GET /Home/Details/1 Name=Carlos&Age=30&Address=Mi%20casa 57477 - ::1 Mozilla/5.0+(Windows+NT+10.0;+Win64;+x64)+AppleWebKit/537.36+(KHTML,+like+Gecko)+Chrome/58.0.3029.110+Safari/537.36+Edge/16.16299 http://localhost:57477/ 200 0 0 47
2018-02-21 22:32:27 ::1 GET / - 57477 - ::1 Mozilla/5.0+(Windows+NT+10.0;+Win64;+x64)+AppleWebKit/537.36+(KHTML,+like+Gecko)+Chrome/58.0.3029.110+Safari/537.36+Edge/16.16299 - 200 0 0 35
2018-02-21 22:32:29 ::1 GET /Home/Details/7 Name=Ventura&Age=24&Address=Morelia 57477 - ::1 Mozilla/5.0+(Windows+NT+10.0;+Win64;+x64)+AppleWebKit/537.36+(KHTML,+like+Gecko)+Chrome/58.0.3029.110+Safari/537.36+Edge/16.16299 http://localhost:57477/ 200 0 0 36
2018-02-21 22:32:31 ::1 GET / - 57477 - ::1 Mozilla/5.0+(Windows+NT+10.0;+Win64;+x64)+AppleWebKit/537.36+(KHTML,+like+Gecko)+Chrome/58.0.3029.110+Safari/537.36+Edge/16.16299 - 200 0 0 52
2018-02-21 22:32:51 ::1 DEBUG / - 57477 - ::1 - - 400 0 64 7062
2018-02-21 22:32:57 ::1 GET / - 57477 - ::1 Mozilla/5.0+(Windows+NT+10.0;+Win64;+x64)+AppleWebKit/537.36+(KHTML,+like+Gecko)+Chrome/58.0.3029.110+Safari/537.36+Edge/16.16299 - 200 0 0 7857
#Software: Microsoft Internet Information Services 10.0
#Version: 1.0
#Date: 2018-02-21 22:58:20
#Fields: date time s-ip cs-method cs-uri-stem cs-uri-query s-port cs-username c-ip cs(User-Agent) cs(Referer) sc-status sc-substatus sc-win32-status time-taken
2018-02-21 22:58:20 ::1 DEBUG / - 57477 - ::1 - - 400 0 64 8138
2018-02-21 22:58:25 ::1 GET / - 57477 - ::1 Mozilla/5.0+(Windows+NT+10.0;+Win64;+x64)+AppleWebKit/537.36+(KHTML,+like+Gecko)+Chrome/58.0.3029.110+Safari/537.36+Edge/16.16299 - 200 0 0 7478
2018-02-21 22:58:33 ::1 GET /Home/Details/1 Artist=The%20Smiths&Name=The%20Queen%20Is%20Dead&Year=1986&Label=%E2%84%97%201986%20XL%20Recordings 57477 - ::1 Mozilla/5.0+(Windows+NT+10.0;+Win64;+x64)+AppleWebKit/537.36+(KHTML,+like+Gecko)+Chrome/58.0.3029.110+Safari/537.36+Edge/16.16299 http://localhost:57477/ 200 0 0 379
2018-02-21 22:58:35 ::1 GET / - 57477 - ::1 Mozilla/5.0+(Windows+NT+10.0;+Win64;+x64)+AppleWebKit/537.36+(KHTML,+like+Gecko)+Chrome/58.0.3029.110+Safari/537.36+Edge/16.16299 - 200 0 0 77
2018-02-21 22:58:36 ::1 GET /Home/Details/2 Artist=The%20Verve&Name=Urban%20Hymns&Year=1997&Label=%E2%84%97%201997%20XL%20Recordings 57477 - ::1 Mozilla/5.0+(Windows+NT+10.0;+Win64;+x64)+AppleWebKit/537.36+(KHTML,+like+Gecko)+Chrome/58.0.3029.110+Safari/537.36+Edge/16.16299 http://localhost:57477/ 200 0 0 42
2018-02-21 22:58:36 ::1 GET / - 57477 - ::1 Mozilla/5.0+(Windows+NT+10.0;+Win64;+x64)+AppleWebKit/537.36+(KHTML,+like+Gecko)+Chrome/58.0.3029.110+Safari/537.36+Edge/16.16299 - 200 0 0 44
2018-02-21 22:58:38 ::1 GET /Home/Details/3 Artist=Radiohead&Name=OK%20Computer&Year=1997&Label=%E2%84%97%202016%20XL%20Recordings 57477 - ::1 Mozilla/5.0+(Windows+NT+10.0;+Win64;+x64)+AppleWebKit/537.36+(KHTML,+like+Gecko)+Chrome/58.0.3029.110+Safari/537.36+Edge/16.16299 http://localhost:57477/ 200 0 0 70
2018-02-21 22:58:39 ::1 GET / - 57477 - ::1 Mozilla/5.0+(Windows+NT+10.0;+Win64;+x64)+AppleWebKit/537.36+(KHTML,+like+Gecko)+Chrome/58.0.3029.110+Safari/537.36+Edge/16.16299 - 200 0 0 99
2018-02-21 22:58:40 ::1 GET /Home/Details/4 Artist=Oasis&Name=(What%27s%20the%20Story)%20Morning%20Glory%3F&Year=1995&Label=%E2%84%97%201995%20XL%20Recordings 57477 - ::1 Mozilla/5.0+(Windows+NT+10.0;+Win64;+x64)+AppleWebKit/537.36+(KHTML,+like+Gecko)+Chrome/58.0.3029.110+Safari/537.36+Edge/16.16299 http://localhost:57477/ 200 0 0 43
2018-02-21 22:58:41 ::1 GET / - 57477 - ::1 Mozilla/5.0+(Windows+NT+10.0;+Win64;+x64)+AppleWebKit/537.36+(KHTML,+like+Gecko)+Chrome/58.0.3029.110+Safari/537.36+Edge/16.16299 - 200 0 0 72
2018-02-21 22:58:42 ::1 GET /Home/Details/5 Artist=The%20Who&Name=Who%27s%20Next%3F&Year=1971&Label=%E2%84%97%201971%20XL%20Recordings 57477 - ::1 Mozilla/5.0+(Windows+NT+10.0;+Win64;+x64)+AppleWebKit/537.36+(KHTML,+like+Gecko)+Chrome/58.0.3029.110+Safari/537.36+Edge/16.16299 http://localhost:57477/ 200 0 0 39
2018-02-21 22:58:44 ::1 GET / - 57477 - ::1 Mozilla/5.0+(Windows+NT+10.0;+Win64;+x64)+AppleWebKit/537.36+(KHTML,+like+Gecko)+Chrome/58.0.3029.110+Safari/537.36+Edge/16.16299 - 200 0 0 64
2018-02-21 22:58:47 ::1 GET /Home/Create - 57477 - ::1 Mozilla/5.0+(Windows+NT+10.0;+Win64;+x64)+AppleWebKit/537.36+(KHTML,+like+Gecko)+Chrome/58.0.3029.110+Safari/537.36+Edge/16.16299 http://localhost:57477/ 200 0 0 832
2018-02-21 23:00:23 ::1 POST /Home/Save - 57477 - ::1 Mozilla/5.0+(Windows+NT+10.0;+Win64;+x64)+AppleWebKit/537.36+(KHTML,+like+Gecko)+Chrome/58.0.3029.110+Safari/537.36+Edge/16.16299 http://localhost:57477/Home/Create 200 0 0 119
2018-02-21 23:00:34 ::1 GET /Home/Details/4 Artist=Franz%20Ferdinand&Name=Franz%20Ferdinand&Year=2004&Label=%E2%84%97%202004%20Domino%20Recording%20Co.%20Ltd. 57477 - ::1 Mozilla/5.0+(Windows+NT+10.0;+Win64;+x64)+AppleWebKit/537.36+(KHTML,+like+Gecko)+Chrome/58.0.3029.110+Safari/537.36+Edge/16.16299 http://localhost:57477/Home/Save 200 0 0 32
2018-02-21 23:00:37 ::1 GET /Home/Create - 57477 - ::1 Mozilla/5.0+(Windows+NT+10.0;+Win64;+x64)+AppleWebKit/537.36+(KHTML,+like+Gecko)+Chrome/58.0.3029.110+Safari/537.36+Edge/16.16299 http://localhost:57477/ 200 0 0 37
2018-02-21 23:00:38 ::1 GET /Home/Create - 57477 - ::1 Mozilla/5.0+(Windows+NT+10.0;+Win64;+x64)+AppleWebKit/537.36+(KHTML,+like+Gecko)+Chrome/58.0.3029.110+Safari/537.36+Edge/16.16299 http://localhost:57477/ 200 0 0 34
2018-02-21 23:00:38 ::1 GET / - 57477 - ::1 Mozilla/5.0+(Windows+NT+10.0;+Win64;+x64)+AppleWebKit/537.36+(KHTML,+like+Gecko)+Chrome/58.0.3029.110+Safari/537.36+Edge/16.16299 - 200 0 0 37
2018-02-21 23:00:40 ::1 GET /Home/Details/4 Artist=Franz%20Ferdinand&Name=Franz%20Ferdinand&Year=2004&Label=%E2%84%97%202004%20Domino%20Recording%20Co.%20Ltd. 57477 - ::1 Mozilla/5.0+(Windows+NT+10.0;+Win64;+x64)+AppleWebKit/537.36+(KHTML,+like+Gecko)+Chrome/58.0.3029.110+Safari/537.36+Edge/16.16299 http://localhost:57477/ 200 0 0 51
2018-02-21 23:00:40 ::1 GET / - 57477 - ::1 Mozilla/5.0+(Windows+NT+10.0;+Win64;+x64)+AppleWebKit/537.36+(KHTML,+like+Gecko)+Chrome/58.0.3029.110+Safari/537.36+Edge/16.16299 - 200 0 0 35
2018-02-21 23:00:42 ::1 GET /Home/Details/4 Artist=Franz%20Ferdinand&Name=Franz%20Ferdinand&Year=2004&Label=%E2%84%97%202004%20Domino%20Recording%20Co.%20Ltd. 57477 - ::1 Mozilla/5.0+(Windows+NT+10.0;+Win64;+x64)+AppleWebKit/537.36+(KHTML,+like+Gecko)+Chrome/58.0.3029.110+Safari/537.36+Edge/16.16299 http://localhost:57477/ 200 0 0 39
2018-02-21 23:00:43 ::1 GET / - 57477 - ::1 Mozilla/5.0+(Windows+NT+10.0;+Win64;+x64)+AppleWebKit/537.36+(KHTML,+like+Gecko)+Chrome/58.0.3029.110+Safari/537.36+Edge/16.16299 - 200 0 0 36
2018-02-21 23:00:45 ::1 GET /Home/Details/5 Artist=The%20Who&Name=Who%27s%20Next%3F&Year=1971&Label=%E2%84%97%201971%20XL%20Recordings 57477 - ::1 Mozilla/5.0+(Windows+NT+10.0;+Win64;+x64)+AppleWebKit/537.36+(KHTML,+like+Gecko)+Chrome/58.0.3029.110+Safari/537.36+Edge/16.16299 http://localhost:57477/ 200 0 0 47
2018-02-21 23:00:45 ::1 GET / - 57477 - ::1 Mozilla/5.0+(Windows+NT+10.0;+Win64;+x64)+AppleWebKit/537.36+(KHTML,+like+Gecko)+Chrome/58.0.3029.110+Safari/537.36+Edge/16.16299 - 200 0 0 35
2018-02-21 23:00:46 ::1 GET /Home/Details/4 Artist=Oasis&Name=(What%27s%20the%20Story)%20Morning%20Glory%3F&Year=1995&Label=%E2%84%97%201995%20XL%20Recordings 57477 - ::1 Mozilla/5.0+(Windows+NT+10.0;+Win64;+x64)+AppleWebKit/537.36+(KHTML,+like+Gecko)+Chrome/58.0.3029.110+Safari/537.36+Edge/16.16299 http://localhost:57477/ 200 0 0 31
2018-02-21 23:00:46 ::1 GET / - 57477 - ::1 Mozilla/5.0+(Windows+NT+10.0;+Win64;+x64)+AppleWebKit/537.36+(KHTML,+like+Gecko)+Chrome/58.0.3029.110+Safari/537.36+Edge/16.16299 - 200 0 0 37
2018-02-21 23:00:48 ::1 GET /Home/Details/3 Artist=Radiohead&Name=OK%20Computer&Year=1997&Label=%E2%84%97%202016%20XL%20Recordings 57477 - ::1 Mozilla/5.0+(Windows+NT+10.0;+Win64;+x64)+AppleWebKit/537.36+(KHTML,+like+Gecko)+Chrome/58.0.3029.110+Safari/537.36+Edge/16.16299 http://localhost:57477/ 200 0 0 38
2018-02-21 23:00:48 ::1 GET / - 57477 - ::1 Mozilla/5.0+(Windows+NT+10.0;+Win64;+x64)+AppleWebKit/537.36+(KHTML,+like+Gecko)+Chrome/58.0.3029.110+Safari/537.36+Edge/16.16299 - 200 0 0 35
2018-02-21 23:00:50 ::1 GET /Home/Details/2 Artist=The%20Verve&Name=Urban%20Hymns&Year=1997&Label=%E2%84%97%201997%20XL%20Recordings 57477 - ::1 Mozilla/5.0+(Windows+NT+10.0;+Win64;+x64)+AppleWebKit/537.36+(KHTML,+like+Gecko)+Chrome/58.0.3029.110+Safari/537.36+Edge/16.16299 http://localhost:57477/ 200 0 0 29
2018-02-21 23:00:52 ::1 GET / - 57477 - ::1 Mozilla/5.0+(Windows+NT+10.0;+Win64;+x64)+AppleWebKit/537.36+(KHTML,+like+Gecko)+Chrome/58.0.3029.110+Safari/537.36+Edge/16.16299 - 200 0 0 49
2018-02-21 23:00:52 ::1 GET /Home/Details/1 Artist=The%20Smiths&Name=The%20Queen%20Is%20Dead&Year=1986&Label=%E2%84%97%201986%20XL%20Recordings 57477 - ::1 Mozilla/5.0+(Windows+NT+10.0;+Win64;+x64)+AppleWebKit/537.36+(KHTML,+like+Gecko)+Chrome/58.0.3029.110+Safari/537.36+Edge/16.16299 http://localhost:57477/ 200 0 0 31
2018-02-21 23:00:53 ::1 GET / - 57477 - ::1 Mozilla/5.0+(Windows+NT+10.0;+Win64;+x64)+AppleWebKit/537.36+(KHTML,+like+Gecko)+Chrome/58.0.3029.110+Safari/537.36+Edge/16.16299 - 200 0 0 36
#Software: Microsoft Internet Information Services 10.0
#Version: 1.0
#Date: 2018-02-21 23:18:28
#Fields: date time s-ip cs-method cs-uri-stem cs-uri-query s-port cs-username c-ip cs(User-Agent) cs(Referer) sc-status sc-substatus sc-win32-status time-taken
2018-02-21 23:18:28 ::1 GET /Home/Details/2 Artist=The%20Verve&Name=Urban%20Hymns&Year=1997&Label=%E2%84%97%201997%20XL%20Recordings 57477 - ::1 Mozilla/5.0+(Windows+NT+10.0;+Win64;+x64)+AppleWebKit/537.36+(KHTML,+like+Gecko)+Chrome/58.0.3029.110+Safari/537.36+Edge/16.16299 http://localhost:57477/ 200 0 0 104
2018-02-21 23:18:30 ::1 GET / - 57477 - ::1 Mozilla/5.0+(Windows+NT+10.0;+Win64;+x64)+AppleWebKit/537.36+(KHTML,+like+Gecko)+Chrome/58.0.3029.110+Safari/537.36+Edge/16.16299 - 200 0 0 60
2018-02-21 23:25:39 ::1 DEBUG / - 57477 - ::1 - - 400 0 64 7274
2018-02-21 23:25:44 ::1 GET / - 57477 - ::1 Mozilla/5.0+(Windows+NT+10.0;+Win64;+x64)+AppleWebKit/537.36+(KHTML,+like+Gecko)+Chrome/58.0.3029.110+Safari/537.36+Edge/16.16299 - 200 0 0 9149
2018-02-21 23:25:58 ::1 GET /Home/Details/2 Artist=The%20Verve&Name=Urban%20Hymns&Year=1997&Label=%E2%84%97%201997%20XL%20Recordings 57477 - ::1 Mozilla/5.0+(Windows+NT+10.0;+Win64;+x64)+AppleWebKit/537.36+(KHTML,+like+Gecko)+Chrome/58.0.3029.110+Safari/537.36+Edge/16.16299 http://localhost:57477/ 200 0 0 384
2018-02-21 23:29:01 ::1 DEBUG / - 57477 - ::1 - - 400 0 64 5995
2018-02-21 23:29:05 ::1 GET / - 57477 - ::1 Mozilla/5.0+(Windows+NT+10.0;+Win64;+x64)+AppleWebKit/537.36+(KHTML,+like+Gecko)+Chrome/58.0.3029.110+Safari/537.36+Edge/16.16299 - 200 0 0 8449
2018-02-21 23:29:08 ::1 GET /Home/Details/1 Artist=The%20Smiths&Name=The%20Queen%20Is%20Dead&Year=1986&Label=%E2%84%97%201986%20XL%20Recordings 57477 - ::1 Mozilla/5.0+(Windows+NT+10.0;+Win64;+x64)+AppleWebKit/537.36+(KHTML,+like+Gecko)+Chrome/58.0.3029.110+Safari/537.36+Edge/16.16299 http://localhost:57477/ 200 0 0 454
2018-02-21 23:29:22 ::1 GET / - 57477 - ::1 Mozilla/5.0+(Windows+NT+10.0;+Win64;+x64)+AppleWebKit/537.36+(KHTML,+like+Gecko)+Chrome/58.0.3029.110+Safari/537.36+Edge/16.16299 - 200 0 0 50
#Software: Microsoft Internet Information Services 10.0
#Version: 1.0
#Date: 2018-02-21 23:37:17
#Fields: date time s-ip cs-method cs-uri-stem cs-uri-query s-port cs-username c-ip cs(User-Agent) cs(Referer) sc-status sc-substatus sc-win32-status time-taken
2018-02-21 23:37:17 ::1 DEBUG / - 57477 - ::1 - - 400 0 64 7450
2018-02-21 23:37:22 ::1 GET / - 57477 - ::1 Mozilla/5.0+(Windows+NT+10.0;+Win64;+x64)+AppleWebKit/537.36+(KHTML,+like+Gecko)+Chrome/58.0.3029.110+Safari/537.36+Edge/16.16299 - 200 0 0 6588
2018-02-21 23:37:25 ::1 GET /Home/Details/5 Artist=The%20Who&Name=Who%27s%20Next%3F&Year=1971&Label=%E2%84%97%201971%20XL%20Recordings 57477 - ::1 Mozilla/5.0+(Windows+NT+10.0;+Win64;+x64)+AppleWebKit/537.36+(KHTML,+like+Gecko)+Chrome/58.0.3029.110+Safari/537.36+Edge/16.16299 http://localhost:57477/ 200 0 0 353
2018-02-21 23:37:25 ::1 GET / - 57477 - ::1 Mozilla/5.0+(Windows+NT+10.0;+Win64;+x64)+AppleWebKit/537.36+(KHTML,+like+Gecko)+Chrome/58.0.3029.110+Safari/537.36+Edge/16.16299 - 200 0 0 60
2018-02-21 23:37:28 ::1 GET /Home/Create - 57477 - ::1 Mozilla/5.0+(Windows+NT+10.0;+Win64;+x64)+AppleWebKit/537.36+(KHTML,+like+Gecko)+Chrome/58.0.3029.110+Safari/537.36+Edge/16.16299 http://localhost:57477/ 200 0 0 801
2018-02-21 23:37:41 ::1 POST /Home/Save - 57477 - ::1 Mozilla/5.0+(Windows+NT+10.0;+Win64;+x64)+AppleWebKit/537.36+(KHTML,+like+Gecko)+Chrome/58.0.3029.110+Safari/537.36+Edge/16.16299 http://localhost:57477/Home/Create 200 0 0 65
2018-02-21 23:37:43 ::1 GET /Home/Details/7 Artist=wrty&Name=ewrwer&Year=1991&Label=%E2%84%97%202004%20Domino%20Recording%20Co.%20Ltd. 57477 - ::1 Mozilla/5.0+(Windows+NT+10.0;+Win64;+x64)+AppleWebKit/537.36+(KHTML,+like+Gecko)+Chrome/58.0.3029.110+Safari/537.36+Edge/16.16299 http://localhost:57477/Home/Save 200 0 0 33
2018-02-21 23:37:48 ::1 GET /Home/Create - 57477 - ::1 Mozilla/5.0+(Windows+NT+10.0;+Win64;+x64)+AppleWebKit/537.36+(KHTML,+like+Gecko)+Chrome/58.0.3029.110+Safari/537.36+Edge/16.16299 http://localhost:57477/ 200 0 0 57
2018-02-21 23:37:49 ::1 GET / - 57477 - ::1 Mozilla/5.0+(Windows+NT+10.0;+Win64;+x64)+AppleWebKit/537.36+(KHTML,+like+Gecko)+Chrome/58.0.3029.110+Safari/537.36+Edge/16.16299 - 200 0 0 34
2018-02-21 23:37:51 ::1 GET /Home/Create - 57477 - ::1 Mozilla/5.0+(Windows+NT+10.0;+Win64;+x64)+AppleWebKit/537.36+(KHTML,+like+Gecko)+Chrome/58.0.3029.110+Safari/537.36+Edge/16.16299 http://localhost:57477/ 200 0 0 56
2018-02-21 23:37:51 ::1 GET /Home/Details/7 Artist=wrty&Name=ewrwer&Year=1991&Label=%E2%84%97%202004%20Domino%20Recording%20Co.%20Ltd. 57477 - ::1 Mozilla/5.0+(Windows+NT+10.0;+Win64;+x64)+AppleWebKit/537.36+(KHTML,+like+Gecko)+Chrome/58.0.3029.110+Safari/537.36+Edge/16.16299 http://localhost:57477/Home/Save 200 0 0 38
2018-02-21 23:37:57 ::1 GET /Home/Create - 57477 - ::1 Mozilla/5.0+(Windows+NT+10.0;+Win64;+x64)+AppleWebKit/537.36+(KHTML,+like+Gecko)+Chrome/58.0.3029.110+Safari/537.36+Edge/16.16299 http://localhost:57477/ 200 0 0 37
2018-02-21 23:37:58 ::1 GET / - 57477 - ::1 Mozilla/5.0+(Windows+NT+10.0;+Win64;+x64)+AppleWebKit/537.36+(KHTML,+like+Gecko)+Chrome/58.0.3029.110+Safari/537.36+Edge/16.16299 - 200 0 0 50
2018-02-21 23:38:55 ::1 GET /Home/Details/3 Artist=Radiohead&Name=OK%20Computer&Year=1997&Label=%E2%84%97%202016%20XL%20Recordings 57477 - ::1 Mozilla/5.0+(Windows+NT+10.0;+Win64;+x64)+AppleWebKit/537.36+(KHTML,+like+Gecko)+Chrome/58.0.3029.110+Safari/537.36+Edge/16.16299 http://localhost:57477/ 200 0 0 60
2018-02-21 23:38:56 ::1 GET / - 57477 - ::1 Mozilla/5.0+(Windows+NT+10.0;+Win64;+x64)+AppleWebKit/537.36+(KHTML,+like+Gecko)+Chrome/58.0.3029.110+Safari/537.36+Edge/16.16299 - 200 0 0 49
2018-02-21 23:38:57 ::1 GET /Home/Details/3 Artist=Radiohead&Name=OK%20Computer&Year=1997&Label=%E2%84%97%202016%20XL%20Recordings 57477 - ::1 Mozilla/5.0+(Windows+NT+10.0;+Win64;+x64)+AppleWebKit/537.36+(KHTML,+like+Gecko)+Chrome/58.0.3029.110+Safari/537.36+Edge/16.16299 http://localhost:57477/ 200 0 0 34
2018-02-21 23:38:57 ::1 GET / - 57477 - ::1 Mozilla/5.0+(Windows+NT+10.0;+Win64;+x64)+AppleWebKit/537.36+(KHTML,+like+Gecko)+Chrome/58.0.3029.110+Safari/537.36+Edge/16.16299 - 200 0 0 37
#Software: Microsoft Internet Information Services 10.0
#Version: 1.0
#Date: 2018-02-21 23:54:55
#Fields: date time s-ip cs-method cs-uri-stem cs-uri-query s-port cs-username c-ip cs(User-Agent) cs(Referer) sc-status sc-substatus sc-win32-status time-taken
2018-02-21 23:54:55 ::1 DEBUG / - 57477 - ::1 - - 400 0 64 6947
2018-02-21 23:55:00 ::1 GET / - 57477 - ::1 Mozilla/5.0+(Windows+NT+10.0;+Win64;+x64)+AppleWebKit/537.36+(KHTML,+like+Gecko)+Chrome/58.0.3029.110+Safari/537.36+Edge/16.16299 - 200 0 0 8782
2018-02-21 23:55:08 ::1 GET /Home/Remove/5 Artist=The%20Who&Name=Who%27s%20Next%3F&Year=1971&Label=%E2%84%97%201971%20XL%20Recordings 57477 - ::1 Mozilla/5.0+(Windows+NT+10.0;+Win64;+x64)+AppleWebKit/537.36+(KHTML,+like+Gecko)+Chrome/58.0.3029.110+Safari/537.36+Edge/16.16299 http://localhost:57477/ 200 0 0 173
2018-02-21 23:55:09 ::1 GET /Home/Remove/5 Artist=The%20Who&Name=Who%27s%20Next%3F&Year=1971&Label=%E2%84%97%201971%20XL%20Recordings 57477 - ::1 Mozilla/5.0+(Windows+NT+10.0;+Win64;+x64)+AppleWebKit/537.36+(KHTML,+like+Gecko)+Chrome/58.0.3029.110+Safari/537.36+Edge/16.16299 http://localhost:57477/Home/Remove/5?Artist=The%20Who&Name=Who%27s%20Next%3F&Year=1971&Label=%E2%84%97%201971%20XL%20Recordings 200 0 0 37
2018-02-21 23:55:10 ::1 GET /Home/Remove/5 Artist=The%20Who&Name=Who%27s%20Next%3F&Year=1971&Label=%E2%84%97%201971%20XL%20Recordings 57477 - ::1 Mozilla/5.0+(Windows+NT+10.0;+Win64;+x64)+AppleWebKit/537.36+(KHTML,+like+Gecko)+Chrome/58.0.3029.110+Safari/537.36+Edge/16.16299 http://localhost:57477/Home/Remove/5?Artist=The%20Who&Name=Who%27s%20Next%3F&Year=1971&Label=%E2%84%97%201971%20XL%20Recordings 200 0 0 35
2018-02-21 23:55:13 ::1 GET /Home/Details/4 Artist=Oasis&Name=(What%27s%20the%20Story)%20Morning%20Glory%3F&Year=1995&Label=%E2%84%97%201995%20XL%20Recordings 57477 - ::1 Mozilla/5.0+(Windows+NT+10.0;+Win64;+x64)+AppleWebKit/537.36+(KHTML,+like+Gecko)+Chrome/58.0.3029.110+Safari/537.36+Edge/16.16299 http://localhost:57477/Home/Remove/5?Artist=The%20Who&Name=Who%27s%20Next%3F&Year=1971&Label=%E2%84%97%201971%20XL%20Recordings 200 0 0 285
2018-02-21 23:55:13 ::1 GET /Home/Remove/5 Artist=The%20Who&Name=Who%27s%20Next%3F&Year=1971&Label=%E2%84%97%201971%20XL%20Recordings 57477 - ::1 Mozilla/5.0+(Windows+NT+10.0;+Win64;+x64)+AppleWebKit/537.36+(KHTML,+like+Gecko)+Chrome/58.0.3029.110+Safari/537.36+Edge/16.16299 http://localhost:57477/Home/Remove/5?Artist=The%20Who&Name=Who%27s%20Next%3F&Year=1971&Label=%E2%84%97%201971%20XL%20Recordings 200 0 0 51
2018-02-21 23:55:16 ::1 GET /Home/Remove/4 Artist=Oasis&Name=(What%27s%20the%20Story)%20Morning%20Glory%3F&Year=1995&Label=%E2%84%97%201995%20XL%20Recordings 57477 - ::1 Mozilla/5.0+(Windows+NT+10.0;+Win64;+x64)+AppleWebKit/537.36+(KHTML,+like+Gecko)+Chrome/58.0.3029.110+Safari/537.36+Edge/16.16299 http://localhost:57477/Home/Remove/5?Artist=The%20Who&Name=Who%27s%20Next%3F&Year=1971&Label=%E2%84%97%201971%20XL%20Recordings 200 0 0 43
2018-02-21 23:55:16 ::1 GET /Home/Remove/3 Artist=Radiohead&Name=OK%20Computer&Year=1997&Label=%E2%84%97%202016%20XL%20Recordings 57477 - ::1 Mozilla/5.0+(Windows+NT+10.0;+Win64;+x64)+AppleWebKit/537.36+(KHTML,+like+Gecko)+Chrome/58.0.3029.110+Safari/537.36+Edge/16.16299 http://localhost:57477/Home/Remove/4?Artist=Oasis&Name=(What%27s%20the%20Story)%20Morning%20Glory%3F&Year=1995&Label=%E2%84%97%201995%20XL%20Recordings 200 0 0 63
2018-02-21 23:55:17 ::1 GET /Home/Remove/2 Artist=The%20Verve&Name=Urban%20Hymns&Year=1997&Label=%E2%84%97%201997%20XL%20Recordings 57477 - ::1 Mozilla/5.0+(Windows+NT+10.0;+Win64;+x64)+AppleWebKit/537.36+(KHTML,+like+Gecko)+Chrome/58.0.3029.110+Safari/537.36+Edge/16.16299 http://localhost:57477/Home/Remove/3?Artist=Radiohead&Name=OK%20Computer&Year=1997&Label=%E2%84%97%202016%20XL%20Recordings 200 0 0 44
2018-02-21 23:55:17 ::1 GET /Home/Remove/1 Artist=The%20Smiths&Name=The%20Queen%20Is%20Dead&Year=1986&Label=%E2%84%97%201986%20XL%20Recordings 57477 - ::1 Mozilla/5.0+(Windows+NT+10.0;+Win64;+x64)+AppleWebKit/537.36+(KHTML,+like+Gecko)+Chrome/58.0.3029.110+Safari/537.36+Edge/16.16299 http://localhost:57477/Home/Remove/2?Artist=The%20Verve&Name=Urban%20Hymns&Year=1997&Label=%E2%84%97%201997%20XL%20Recordings 200 0 0 67
2018-02-21 23:55:19 ::1 GET /Home/Update/1 Artist=The%20Smiths&Name=The%20Queen%20Is%20Dead&Year=1986&Label=%E2%84%97%201986%20XL%20Recordings 57477 - ::1 Mozilla/5.0+(Windows+NT+10.0;+Win64;+x64)+AppleWebKit/537.36+(KHTML,+like+Gecko)+Chrome/58.0.3029.110+Safari/537.36+Edge/16.16299 http://localhost:57477/Home/Remove/1?Artist=The%20Smiths&Name=The%20Queen%20Is%20Dead&Year=1986&Label=%E2%84%97%201986%20XL%20Recordings 404 0 0 24
2018-02-21 23:55:21 ::1 GET /Home/Remove/1 Artist=The%20Smiths&Name=The%20Queen%20Is%20Dead&Year=1986&Label=%E2%84%97%201986%20XL%20Recordings 57477 - ::1 Mozilla/5.0+(Windows+NT+10.0;+Win64;+x64)+AppleWebKit/537.36+(KHTML,+like+Gecko)+Chrome/58.0.3029.110+Safari/537.36+Edge/16.16299 - 200 0 0 36
