#Software: Microsoft Internet Information Services 10.0
#Version: 1.0
#Date: 2018-02-22 15:19:36
#Fields: date time s-ip cs-method cs-uri-stem cs-uri-query s-port cs-username c-ip cs(User-Agent) cs(Referer) sc-status sc-substatus sc-win32-status time-taken
2018-02-22 15:19:36 ::1 DEBUG / - 57477 - ::1 - - 400 0 64 13300
2018-02-22 15:19:42 ::1 GET / - 57477 - ::1 Mozilla/5.0+(Windows+NT+10.0;+Win64;+x64)+AppleWebKit/537.36+(KHTML,+like+Gecko)+Chrome/58.0.3029.110+Safari/537.36+Edge/16.16299 - 200 0 0 11015
2018-02-22 15:20:03 ::1 GET /Home/Remove/2 Artist=The%20Verve&Name=Urban%20Hymns&Year=1997&Label=%E2%84%97%201997%20XL%20Recordings 57477 - ::1 Mozilla/5.0+(Windows+NT+10.0;+Win64;+x64)+AppleWebKit/537.36+(KHTML,+like+Gecko)+Chrome/58.0.3029.110+Safari/537.36+Edge/16.16299 http://localhost:57477/ 500 0 0 746
2018-02-22 15:20:04 ::1 GET / - 57477 - ::1 Mozilla/5.0+(Windows+NT+10.0;+Win64;+x64)+AppleWebKit/537.36+(KHTML,+like+Gecko)+Chrome/58.0.3029.110+Safari/537.36+Edge/16.16299 - 200 0 0 58
2018-02-22 15:28:18 ::1 DEBUG / - 57477 - ::1 - - 400 0 64 5411
2018-02-22 15:28:22 ::1 GET / - 57477 - ::1 Mozilla/5.0+(Windows+NT+10.0;+Win64;+x64)+AppleWebKit/537.36+(KHTML,+like+Gecko)+Chrome/58.0.3029.110+Safari/537.36+Edge/16.16299 - 200 0 0 7736
2018-02-22 15:28:25 ::1 GET /Home/Remove/2 Artist=The%20Verve&Name=Urban%20Hymns&Year=1997&Label=%E2%84%97%201997%20XL%20Recordings 57477 - ::1 Mozilla/5.0+(Windows+NT+10.0;+Win64;+x64)+AppleWebKit/537.36+(KHTML,+like+Gecko)+Chrome/58.0.3029.110+Safari/537.36+Edge/16.16299 http://localhost:57477/ 200 0 0 144
2018-02-22 15:28:26 ::1 GET /Home/Remove/3 Artist=Radiohead&Name=OK%20Computer&Year=1997&Label=%E2%84%97%202016%20XL%20Recordings 57477 - ::1 Mozilla/5.0+(Windows+NT+10.0;+Win64;+x64)+AppleWebKit/537.36+(KHTML,+like+Gecko)+Chrome/58.0.3029.110+Safari/537.36+Edge/16.16299 http://localhost:57477/Home/Remove/2?Artist=The%20Verve&Name=Urban%20Hymns&Year=1997&Label=%E2%84%97%201997%20XL%20Recordings 200 0 0 50
2018-02-22 15:28:26 ::1 GET /Home/Remove/4 Artist=Oasis&Name=(What%27s%20the%20Story)%20Morning%20Glory%3F&Year=1995&Label=%E2%84%97%201995%20XL%20Recordings 57477 - ::1 Mozilla/5.0+(Windows+NT+10.0;+Win64;+x64)+AppleWebKit/537.36+(KHTML,+like+Gecko)+Chrome/58.0.3029.110+Safari/537.36+Edge/16.16299 http://localhost:57477/Home/Remove/3?Artist=Radiohead&Name=OK%20Computer&Year=1997&Label=%E2%84%97%202016%20XL%20Recordings 200 0 0 52
2018-02-22 15:28:28 ::1 GET /Home/Remove/5 Artist=The%20Who&Name=Who%27s%20Next%3F&Year=1971&Label=%E2%84%97%201971%20XL%20Recordings 57477 - ::1 Mozilla/5.0+(Windows+NT+10.0;+Win64;+x64)+AppleWebKit/537.36+(KHTML,+like+Gecko)+Chrome/58.0.3029.110+Safari/537.36+Edge/16.16299 http://localhost:57477/Home/Remove/4?Artist=Oasis&Name=(What%27s%20the%20Story)%20Morning%20Glory%3F&Year=1995&Label=%E2%84%97%201995%20XL%20Recordings 200 0 0 35
2018-02-22 15:28:28 ::1 GET /Home/Remove/1 Artist=The%20Smiths&Name=The%20Queen%20Is%20Dead&Year=1986&Label=%E2%84%97%201986%20XL%20Recordings 57477 - ::1 Mozilla/5.0+(Windows+NT+10.0;+Win64;+x64)+AppleWebKit/537.36+(KHTML,+like+Gecko)+Chrome/58.0.3029.110+Safari/537.36+Edge/16.16299 http://localhost:57477/Home/Remove/5?Artist=The%20Who&Name=Who%27s%20Next%3F&Year=1971&Label=%E2%84%97%201971%20XL%20Recordings 200 0 0 31
#Software: Microsoft Internet Information Services 10.0
#Version: 1.0
#Date: 2018-02-22 21:00:06
#Fields: date time s-ip cs-method cs-uri-stem cs-uri-query s-port cs-username c-ip cs(User-Agent) cs(Referer) sc-status sc-substatus sc-win32-status time-taken
2018-02-22 21:00:06 ::1 DEBUG / - 57477 - ::1 - - 400 0 64 11623
2018-02-22 21:00:12 ::1 GET / - 57477 - ::1 Mozilla/5.0+(Windows+NT+10.0;+Win64;+x64)+AppleWebKit/537.36+(KHTML,+like+Gecko)+Chrome/58.0.3029.110+Safari/537.36+Edge/16.16299 - 200 0 0 11163
2018-02-22 21:00:16 ::1 GET /Home/Update/5 Artist=The%20Who&Name=Who%27s%20Next%3F&Year=1971&Label=%E2%84%97%201971%20XL%20Recordings 57477 - ::1 Mozilla/5.0+(Windows+NT+10.0;+Win64;+x64)+AppleWebKit/537.36+(KHTML,+like+Gecko)+Chrome/58.0.3029.110+Safari/537.36+Edge/16.16299 http://localhost:57477/ 200 0 0 1008
2018-02-22 21:00:24 ::1 POST /Home/SaveUpdate/5 Artist=The%20Who&Name=Who%27s%20Next%3F&Year=1971&Label=%E2%84%97%201971%20XL%20Recordings 57477 - ::1 Mozilla/5.0+(Windows+NT+10.0;+Win64;+x64)+AppleWebKit/537.36+(KHTML,+like+Gecko)+Chrome/58.0.3029.110+Safari/537.36+Edge/16.16299 http://localhost:57477/Home/Update/5?Artist=The%20Who&Name=Who%27s%20Next%3F&Year=1971&Label=%E2%84%97%201971%20XL%20Recordings 404 0 0 48
2018-02-22 21:00:26 ::1 GET /Home/Update/5 Artist=The%20Who&Name=Who%27s%20Next%3F&Year=1971&Label=%E2%84%97%201971%20XL%20Recordings 57477 - ::1 Mozilla/5.0+(Windows+NT+10.0;+Win64;+x64)+AppleWebKit/537.36+(KHTML,+like+Gecko)+Chrome/58.0.3029.110+Safari/537.36+Edge/16.16299 - 200 0 0 56
2018-02-22 21:00:26 ::1 GET / - 57477 - ::1 Mozilla/5.0+(Windows+NT+10.0;+Win64;+x64)+AppleWebKit/537.36+(KHTML,+like+Gecko)+Chrome/58.0.3029.110+Safari/537.36+Edge/16.16299 - 200 0 0 85
#Software: Microsoft Internet Information Services 10.0
#Version: 1.0
#Date: 2018-02-22 22:08:20
#Fields: date time s-ip cs-method cs-uri-stem cs-uri-query s-port cs-username c-ip cs(User-Agent) cs(Referer) sc-status sc-substatus sc-win32-status time-taken
2018-02-22 22:08:20 ::1 DEBUG / - 57477 - ::1 - - 400 0 64 7567
2018-02-22 22:08:25 ::1 GET / - 57477 - ::1 Mozilla/5.0+(Windows+NT+10.0;+Win64;+x64)+AppleWebKit/537.36+(KHTML,+like+Gecko)+Chrome/58.0.3029.110+Safari/537.36+Edge/16.16299 - 200 0 0 7580
2018-02-22 22:08:30 ::1 GET /Home/Update/2 Artist=The%20Verve&Name=Urban%20Hymns&Year=1997&Label=%E2%84%97%201997%20XL%20Recordings 57477 - ::1 Mozilla/5.0+(Windows+NT+10.0;+Win64;+x64)+AppleWebKit/537.36+(KHTML,+like+Gecko)+Chrome/58.0.3029.110+Safari/537.36+Edge/16.16299 http://localhost:57477/ 200 0 0 1130
2018-02-22 22:08:37 ::1 POST /Home/SaveUpdate/2 Artist=The%20Verve&Name=Urban%20Hymns&Year=1997&Label=%E2%84%97%201997%20XL%20Recordings 57477 - ::1 Mozilla/5.0+(Windows+NT+10.0;+Win64;+x64)+AppleWebKit/537.36+(KHTML,+like+Gecko)+Chrome/58.0.3029.110+Safari/537.36+Edge/16.16299 http://localhost:57477/Home/Update/2?Artist=The%20Verve&Name=Urban%20Hymns&Year=1997&Label=%E2%84%97%201997%20XL%20Recordings 404 0 0 41
2018-02-22 22:08:40 ::1 GET /Home/Update/2 Artist=The%20Verve&Name=Urban%20Hymns&Year=1997&Label=%E2%84%97%201997%20XL%20Recordings 57477 - ::1 Mozilla/5.0+(Windows+NT+10.0;+Win64;+x64)+AppleWebKit/537.36+(KHTML,+like+Gecko)+Chrome/58.0.3029.110+Safari/537.36+Edge/16.16299 - 200 0 0 43
2018-02-22 22:08:41 ::1 GET / - 57477 - ::1 Mozilla/5.0+(Windows+NT+10.0;+Win64;+x64)+AppleWebKit/537.36+(KHTML,+like+Gecko)+Chrome/58.0.3029.110+Safari/537.36+Edge/16.16299 - 200 0 0 38
2018-02-22 22:08:44 ::1 GET /Home/Update/2 Artist=The%20Verve&Name=Urban%20Hymns&Year=1997&Label=%E2%84%97%201997%20XL%20Recordings 57477 - ::1 Mozilla/5.0+(Windows+NT+10.0;+Win64;+x64)+AppleWebKit/537.36+(KHTML,+like+Gecko)+Chrome/58.0.3029.110+Safari/537.36+Edge/16.16299 http://localhost:57477/ 200 0 0 65
2018-02-22 22:08:50 ::1 POST /Home/SaveUpdate/2 Artist=The%20Verve&Name=Urban%20Hymns&Year=1997&Label=%E2%84%97%201997%20XL%20Recordings 57477 - ::1 Mozilla/5.0+(Windows+NT+10.0;+Win64;+x64)+AppleWebKit/537.36+(KHTML,+like+Gecko)+Chrome/58.0.3029.110+Safari/537.36+Edge/16.16299 http://localhost:57477/Home/Update/2?Artist=The%20Verve&Name=Urban%20Hymns&Year=1997&Label=%E2%84%97%201997%20XL%20Recordings 404 0 0 27
2018-02-22 22:08:51 ::1 GET /Home/SaveUpdate/2 Artist=The%20Verve&Name=Urban%20Hymns&Year=1997&Label=%E2%84%97%201997%20XL%20Recordings 57477 - ::1 Mozilla/5.0+(Windows+NT+10.0;+Win64;+x64)+AppleWebKit/537.36+(KHTML,+like+Gecko)+Chrome/58.0.3029.110+Safari/537.36+Edge/16.16299 - 404 0 0 8
2018-02-22 22:08:51 ::1 GET /Home/SaveUpdate/2 Artist=The%20Verve&Name=Urban%20Hymns&Year=1997&Label=%E2%84%97%201997%20XL%20Recordings 57477 - ::1 Mozilla/5.0+(Windows+NT+10.0;+Win64;+x64)+AppleWebKit/537.36+(KHTML,+like+Gecko)+Chrome/58.0.3029.110+Safari/537.36+Edge/16.16299 - 404 0 0 11
2018-02-22 22:08:51 ::1 GET /Home/SaveUpdate/2 Artist=The%20Verve&Name=Urban%20Hymns&Year=1997&Label=%E2%84%97%201997%20XL%20Recordings 57477 - ::1 Mozilla/5.0+(Windows+NT+10.0;+Win64;+x64)+AppleWebKit/537.36+(KHTML,+like+Gecko)+Chrome/58.0.3029.110+Safari/537.36+Edge/16.16299 - 404 0 0 19
2018-02-22 22:08:52 ::1 GET /Home/Update/2 Artist=The%20Verve&Name=Urban%20Hymns&Year=1997&Label=%E2%84%97%201997%20XL%20Recordings 57477 - ::1 Mozilla/5.0+(Windows+NT+10.0;+Win64;+x64)+AppleWebKit/537.36+(KHTML,+like+Gecko)+Chrome/58.0.3029.110+Safari/537.36+Edge/16.16299 - 200 0 0 53
2018-02-22 22:08:52 ::1 GET / - 57477 - ::1 Mozilla/5.0+(Windows+NT+10.0;+Win64;+x64)+AppleWebKit/537.36+(KHTML,+like+Gecko)+Chrome/58.0.3029.110+Safari/537.36+Edge/16.16299 - 200 0 0 60
2018-02-22 22:09:04 ::1 GET /Home/Update/2 Artist=The%20Verve&Name=Urban%20Hymns&Year=1997&Label=%E2%84%97%201997%20XL%20Recordings 57477 - ::1 Mozilla/5.0+(Windows+NT+10.0;+Win64;+x64)+AppleWebKit/537.36+(KHTML,+like+Gecko)+Chrome/58.0.3029.110+Safari/537.36+Edge/16.16299 http://localhost:57477/ 200 0 0 46
2018-02-22 22:09:14 ::1 POST /Home/SaveUpdate/2 Artist=The%20Verve&Name=Urban%20Hymns&Year=1997&Label=%E2%84%97%201997%20XL%20Recordings 57477 - ::1 Mozilla/5.0+(Windows+NT+10.0;+Win64;+x64)+AppleWebKit/537.36+(KHTML,+like+Gecko)+Chrome/58.0.3029.110+Safari/537.36+Edge/16.16299 http://localhost:57477/Home/Update/2?Artist=The%20Verve&Name=Urban%20Hymns&Year=1997&Label=%E2%84%97%201997%20XL%20Recordings 404 0 0 20
2018-02-22 22:09:17 ::1 GET /Home/Update/2 Artist=The%20Verve&Name=Urban%20Hymns&Year=1997&Label=%E2%84%97%201997%20XL%20Recordings 57477 - ::1 Mozilla/5.0+(Windows+NT+10.0;+Win64;+x64)+AppleWebKit/537.36+(KHTML,+like+Gecko)+Chrome/58.0.3029.110+Safari/537.36+Edge/16.16299 - 200 0 0 63
2018-02-22 22:09:17 ::1 GET / - 57477 - ::1 Mozilla/5.0+(Windows+NT+10.0;+Win64;+x64)+AppleWebKit/537.36+(KHTML,+like+Gecko)+Chrome/58.0.3029.110+Safari/537.36+Edge/16.16299 - 200 0 0 44
2018-02-22 22:09:22 ::1 GET /Home/Remove/5 Artist=The%20Who&Name=Who%27s%20Next%3F&Year=1971&Label=%E2%84%97%201971%20XL%20Recordings 57477 - ::1 Mozilla/5.0+(Windows+NT+10.0;+Win64;+x64)+AppleWebKit/537.36+(KHTML,+like+Gecko)+Chrome/58.0.3029.110+Safari/537.36+Edge/16.16299 http://localhost:57477/ 200 0 0 78
2018-02-22 22:09:22 ::1 GET /Home/Remove/4 Artist=Oasis&Name=(What%27s%20the%20Story)%20Morning%20Glory%3F&Year=1995&Label=%E2%84%97%201995%20XL%20Recordings 57477 - ::1 Mozilla/5.0+(Windows+NT+10.0;+Win64;+x64)+AppleWebKit/537.36+(KHTML,+like+Gecko)+Chrome/58.0.3029.110+Safari/537.36+Edge/16.16299 http://localhost:57477/Home/Remove/5?Artist=The%20Who&Name=Who%27s%20Next%3F&Year=1971&Label=%E2%84%97%201971%20XL%20Recordings 200 0 0 42
2018-02-22 22:09:26 ::1 GET /Home/Update/3 Artist=Radiohead&Name=OK%20Computer&Year=1997&Label=%E2%84%97%202016%20XL%20Recordings 57477 - ::1 Mozilla/5.0+(Windows+NT+10.0;+Win64;+x64)+AppleWebKit/537.36+(KHTML,+like+Gecko)+Chrome/58.0.3029.110+Safari/537.36+Edge/16.16299 http://localhost:57477/Home/Remove/4?Artist=Oasis&Name=(What%27s%20the%20Story)%20Morning%20Glory%3F&Year=1995&Label=%E2%84%97%201995%20XL%20Recordings 200 0 0 65
2018-02-22 22:09:31 ::1 POST /Home/SaveUpdate/3 Artist=Radiohead&Name=OK%20Computer&Year=1997&Label=%E2%84%97%202016%20XL%20Recordings 57477 - ::1 Mozilla/5.0+(Windows+NT+10.0;+Win64;+x64)+AppleWebKit/537.36+(KHTML,+like+Gecko)+Chrome/58.0.3029.110+Safari/537.36+Edge/16.16299 http://localhost:57477/Home/Update/3?Artist=Radiohead&Name=OK%20Computer&Year=1997&Label=%E2%84%97%202016%20XL%20Recordings 404 0 0 16
2018-02-22 22:09:32 ::1 GET /Home/Update/3 Artist=Radiohead&Name=OK%20Computer&Year=1997&Label=%E2%84%97%202016%20XL%20Recordings 57477 - ::1 Mozilla/5.0+(Windows+NT+10.0;+Win64;+x64)+AppleWebKit/537.36+(KHTML,+like+Gecko)+Chrome/58.0.3029.110+Safari/537.36+Edge/16.16299 - 200 0 0 61
2018-02-22 22:09:32 ::1 GET /Home/Remove/4 Artist=Oasis&Name=(What%27s%20the%20Story)%20Morning%20Glory%3F&Year=1995&Label=%E2%84%97%201995%20XL%20Recordings 57477 - ::1 Mozilla/5.0+(Windows+NT+10.0;+Win64;+x64)+AppleWebKit/537.36+(KHTML,+like+Gecko)+Chrome/58.0.3029.110+Safari/537.36+Edge/16.16299 http://localhost:57477/Home/Remove/5?Artist=The%20Who&Name=Who%27s%20Next%3F&Year=1971&Label=%E2%84%97%201971%20XL%20Recordings 200 0 0 48
2018-02-22 22:10:35 ::1 DEBUG / - 57477 - ::1 - - 400 0 64 5648
2018-02-22 22:10:40 ::1 GET / - 57477 - ::1 Mozilla/5.0+(Windows+NT+10.0;+Win64;+x64)+AppleWebKit/537.36+(KHTML,+like+Gecko)+Chrome/58.0.3029.110+Safari/537.36+Edge/16.16299 - 400 0 64 8417
2018-02-22 22:15:10 ::1 DEBUG / - 57477 - ::1 - - 400 0 64 7393
2018-02-22 22:15:14 ::1 GET / - 57477 - ::1 Mozilla/5.0+(Windows+NT+10.0;+Win64;+x64)+AppleWebKit/537.36+(KHTML,+like+Gecko)+Chrome/58.0.3029.110+Safari/537.36+Edge/16.16299 - 200 0 0 6807
2018-02-22 22:15:19 ::1 GET /Home/Update/3 Artist=Radiohead&Name=OK%20Computer&Year=1997&Label=%E2%84%97%202016%20XL%20Recordings 57477 - ::1 Mozilla/5.0+(Windows+NT+10.0;+Win64;+x64)+AppleWebKit/537.36+(KHTML,+like+Gecko)+Chrome/58.0.3029.110+Safari/537.36+Edge/16.16299 http://localhost:57477/ 200 0 0 971
2018-02-22 22:15:23 ::1 POST /Home/SaveUpdate/3 Artist=Radiohead&Name=OK%20Computer&Year=1997&Label=%E2%84%97%202016%20XL%20Recordings 57477 - ::1 Mozilla/5.0+(Windows+NT+10.0;+Win64;+x64)+AppleWebKit/537.36+(KHTML,+like+Gecko)+Chrome/58.0.3029.110+Safari/537.36+Edge/16.16299 http://localhost:57477/Home/Update/3?Artist=Radiohead&Name=OK%20Computer&Year=1997&Label=%E2%84%97%202016%20XL%20Recordings 500 0 0 369
2018-02-22 22:16:54 ::1 DEBUG / - 57477 - ::1 - - 400 0 64 6550
2018-02-22 22:16:58 ::1 GET / - 57477 - ::1 Mozilla/5.0+(Windows+NT+10.0;+Win64;+x64)+AppleWebKit/537.36+(KHTML,+like+Gecko)+Chrome/58.0.3029.110+Safari/537.36+Edge/16.16299 - 200 0 0 8387
2018-02-22 22:17:03 ::1 GET /Home/Update/1 Artist=The%20Smiths&Name=The%20Queen%20Is%20Dead&Year=1986&Label=%E2%84%97%201986%20XL%20Recordings 57477 - ::1 Mozilla/5.0+(Windows+NT+10.0;+Win64;+x64)+AppleWebKit/537.36+(KHTML,+like+Gecko)+Chrome/58.0.3029.110+Safari/537.36+Edge/16.16299 http://localhost:57477/ 200 0 0 923
2018-02-22 22:17:21 ::1 POST /Home/SaveUpdate/1 Artist=The%20Smiths&Name=The%20Queen%20Is%20Dead&Year=1986&Label=%E2%84%97%201986%20XL%20Recordings 57477 - ::1 Mozilla/5.0+(Windows+NT+10.0;+Win64;+x64)+AppleWebKit/537.36+(KHTML,+like+Gecko)+Chrome/58.0.3029.110+Safari/537.36+Edge/16.16299 http://localhost:57477/Home/Update/1?Artist=The%20Smiths&Name=The%20Queen%20Is%20Dead&Year=1986&Label=%E2%84%97%201986%20XL%20Recordings 200 0 0 74
2018-02-22 22:25:37 ::1 DEBUG / - 57477 - ::1 - - 400 0 64 7151
2018-02-22 22:25:41 ::1 GET / - 57477 - ::1 Mozilla/5.0+(Windows+NT+10.0;+Win64;+x64)+AppleWebKit/537.36+(KHTML,+like+Gecko)+Chrome/58.0.3029.110+Safari/537.36+Edge/16.16299 - 200 0 0 9761
2018-02-22 22:25:51 ::1 GET /Home/Update/2 Artist=The%20Verve&Name=Urban%20Hymns&Year=1997&Label=%E2%84%97%201997%20XL%20Recordings 57477 - ::1 Mozilla/5.0+(Windows+NT+10.0;+Win64;+x64)+AppleWebKit/537.36+(KHTML,+like+Gecko)+Chrome/58.0.3029.110+Safari/537.36+Edge/16.16299 http://localhost:57477/ 200 0 0 897
2018-02-22 22:26:06 ::1 POST /Home/SaveUpdate/2 Artist=The%20Verve&Name=Urban%20Hymns&Year=1997&Label=%E2%84%97%201997%20XL%20Recordings 57477 - ::1 Mozilla/5.0+(Windows+NT+10.0;+Win64;+x64)+AppleWebKit/537.36+(KHTML,+like+Gecko)+Chrome/58.0.3029.110+Safari/537.36+Edge/16.16299 http://localhost:57477/Home/Update/2?Artist=The%20Verve&Name=Urban%20Hymns&Year=1997&Label=%E2%84%97%201997%20XL%20Recordings 200 0 0 95
2018-02-22 22:26:48 ::1 DEBUG / - 57477 - ::1 - - 400 0 64 7555
2018-02-22 22:26:52 ::1 GET / - 57477 - ::1 Mozilla/5.0+(Windows+NT+10.0;+Win64;+x64)+AppleWebKit/537.36+(KHTML,+like+Gecko)+Chrome/58.0.3029.110+Safari/537.36+Edge/16.16299 - 200 0 0 6847
2018-02-22 22:26:55 ::1 GET /Home/Remove/3 Artist=Radiohead&Name=OK%20Computer&Year=1997&Label=%E2%84%97%202016%20XL%20Recordings 57477 - ::1 Mozilla/5.0+(Windows+NT+10.0;+Win64;+x64)+AppleWebKit/537.36+(KHTML,+like+Gecko)+Chrome/58.0.3029.110+Safari/537.36+Edge/16.16299 http://localhost:57477/ 200 0 0 260
2018-02-22 22:26:59 ::1 GET /Home/Update/4 Artist=Oasis&Name=(What%27s%20the%20Story)%20Morning%20Glory%3F&Year=1995&Label=%E2%84%97%201995%20XL%20Recordings 57477 - ::1 Mozilla/5.0+(Windows+NT+10.0;+Win64;+x64)+AppleWebKit/537.36+(KHTML,+like+Gecko)+Chrome/58.0.3029.110+Safari/537.36+Edge/16.16299 http://localhost:57477/Home/Remove/3?Artist=Radiohead&Name=OK%20Computer&Year=1997&Label=%E2%84%97%202016%20XL%20Recordings 200 0 0 942
2018-02-22 22:27:15 ::1 POST /Home/SaveUpdate/4 Artist=Oasis&Name=(What%27s%20the%20Story)%20Morning%20Glory%3F&Year=1995&Label=%E2%84%97%201995%20XL%20Recordings 57477 - ::1 Mozilla/5.0+(Windows+NT+10.0;+Win64;+x64)+AppleWebKit/537.36+(KHTML,+like+Gecko)+Chrome/58.0.3029.110+Safari/537.36+Edge/16.16299 http://localhost:57477/Home/Update/4?Artist=Oasis&Name=(What%27s%20the%20Story)%20Morning%20Glory%3F&Year=1995&Label=%E2%84%97%201995%20XL%20Recordings 200 0 0 68
2018-02-22 22:27:20 ::1 GET /Home/Create - 57477 - ::1 Mozilla/5.0+(Windows+NT+10.0;+Win64;+x64)+AppleWebKit/537.36+(KHTML,+like+Gecko)+Chrome/58.0.3029.110+Safari/537.36+Edge/16.16299 http://localhost:57477/Home/SaveUpdate/4?Artist=Oasis&Name=(What%27s%20the%20Story)%20Morning%20Glory%3F&Year=1995&Label=%E2%84%97%201995%20XL%20Recordings 200 0 0 334
#Software: Microsoft Internet Information Services 10.0
#Version: 1.0
#Date: 2018-02-22 23:20:27
#Fields: date time s-ip cs-method cs-uri-stem cs-uri-query s-port cs-username c-ip cs(User-Agent) cs(Referer) sc-status sc-substatus sc-win32-status time-taken
2018-02-22 23:20:27 ::1 DEBUG / - 57477 - ::1 - - 400 0 64 10524
2018-02-22 23:20:32 ::1 GET / - 57477 - ::1 Mozilla/5.0+(Windows+NT+10.0;+Win64;+x64)+AppleWebKit/537.36+(KHTML,+like+Gecko)+Chrome/58.0.3029.110+Safari/537.36+Edge/16.16299 - 200 0 0 12963
2018-02-22 23:20:37 ::1 GET /Home/Details/5 Artist=The%20Who&Name=Who%27s%20Next%3F&Year=1971&Label=%E2%84%97%201971%20XL%20Recordings 57477 - ::1 Mozilla/5.0+(Windows+NT+10.0;+Win64;+x64)+AppleWebKit/537.36+(KHTML,+like+Gecko)+Chrome/58.0.3029.110+Safari/537.36+Edge/16.16299 http://localhost:57477/ 200 0 0 506
2018-02-22 23:20:39 ::1 GET / - 57477 - ::1 Mozilla/5.0+(Windows+NT+10.0;+Win64;+x64)+AppleWebKit/537.36+(KHTML,+like+Gecko)+Chrome/58.0.3029.110+Safari/537.36+Edge/16.16299 - 200 0 0 66
2018-02-22 23:20:42 ::1 GET /Home/Create - 57477 - ::1 Mozilla/5.0+(Windows+NT+10.0;+Win64;+x64)+AppleWebKit/537.36+(KHTML,+like+Gecko)+Chrome/58.0.3029.110+Safari/537.36+Edge/16.16299 http://localhost:57477/ 500 0 0 1003
2018-02-22 23:20:46 ::1 GET / - 57477 - ::1 Mozilla/5.0+(Windows+NT+10.0;+Win64;+x64)+AppleWebKit/537.36+(KHTML,+like+Gecko)+Chrome/58.0.3029.110+Safari/537.36+Edge/16.16299 - 200 0 0 41
2018-02-22 23:22:33 ::1 DEBUG / - 57477 - ::1 - - 400 0 64 7294
2018-02-22 23:22:38 ::1 GET / - 57477 - ::1 Mozilla/5.0+(Windows+NT+10.0;+Win64;+x64)+AppleWebKit/537.36+(KHTML,+like+Gecko)+Chrome/58.0.3029.110+Safari/537.36+Edge/16.16299 - 200 0 0 10163
2018-02-22 23:22:46 ::1 GET /Home/Update/3 Artist=Radiohead&Name=OK%20Computer&Year=1997&Label=%E2%84%97%202016%20XL%20Recordings 57477 - ::1 Mozilla/5.0+(Windows+NT+10.0;+Win64;+x64)+AppleWebKit/537.36+(KHTML,+like+Gecko)+Chrome/58.0.3029.110+Safari/537.36+Edge/16.16299 http://localhost:57477/ 200 0 0 989
2018-02-22 23:23:08 ::1 POST /Home/SaveUpdate/3 Artist=Radiohead&Name=OK%20Computer&Year=1997&Label=%E2%84%97%202016%20XL%20Recordings 57477 - ::1 Mozilla/5.0+(Windows+NT+10.0;+Win64;+x64)+AppleWebKit/537.36+(KHTML,+like+Gecko)+Chrome/58.0.3029.110+Safari/537.36+Edge/16.16299 http://localhost:57477/Home/Update/3?Artist=Radiohead&Name=OK%20Computer&Year=1997&Label=%E2%84%97%202016%20XL%20Recordings 200 0 0 122
2018-02-22 23:23:13 ::1 GET /Home/Details/3 Artist=Radiohead&Name=The%20Bends&Year=1995&Label=%E2%84%971995%20XL%20Recordings 57477 - ::1 Mozilla/5.0+(Windows+NT+10.0;+Win64;+x64)+AppleWebKit/537.36+(KHTML,+like+Gecko)+Chrome/58.0.3029.110+Safari/537.36+Edge/16.16299 http://localhost:57477/Home/SaveUpdate/3?Artist=Radiohead&Name=OK%20Computer&Year=1997&Label=%E2%84%97%202016%20XL%20Recordings 200 0 0 338
2018-02-22 23:23:16 ::1 GET /Home/Details/3 Artist=Radiohead&Name=The%20Bends&Year=1995&Label=%E2%84%971995%20XL%20Recordings 57477 - ::1 Mozilla/5.0+(Windows+NT+10.0;+Win64;+x64)+AppleWebKit/537.36+(KHTML,+like+Gecko)+Chrome/58.0.3029.110+Safari/537.36+Edge/16.16299 http://localhost:57477/Home/SaveUpdate/3?Artist=Radiohead&Name=OK%20Computer&Year=1997&Label=%E2%84%97%202016%20XL%20Recordings 200 0 0 154
2018-02-22 23:23:18 ::1 GET /Home/Update/3 Artist=Radiohead&Name=OK%20Computer&Year=1997&Label=%E2%84%97%202016%20XL%20Recordings 57477 - ::1 Mozilla/5.0+(Windows+NT+10.0;+Win64;+x64)+AppleWebKit/537.36+(KHTML,+like+Gecko)+Chrome/58.0.3029.110+Safari/537.36+Edge/16.16299 http://localhost:57477/ 200 0 0 64
2018-02-22 23:23:18 ::1 GET / - 57477 - ::1 Mozilla/5.0+(Windows+NT+10.0;+Win64;+x64)+AppleWebKit/537.36+(KHTML,+like+Gecko)+Chrome/58.0.3029.110+Safari/537.36+Edge/16.16299 - 200 0 0 78
2018-02-22 23:23:21 ::1 GET /Home/Details/2 Artist=The%20Verve&Name=Urban%20Hymns&Year=1997&Label=%E2%84%97%201997%20XL%20Recordings 57477 - ::1 Mozilla/5.0+(Windows+NT+10.0;+Win64;+x64)+AppleWebKit/537.36+(KHTML,+like+Gecko)+Chrome/58.0.3029.110+Safari/537.36+Edge/16.16299 http://localhost:57477/ 200 0 0 47
2018-02-22 23:23:21 ::1 GET / - 57477 - ::1 Mozilla/5.0+(Windows+NT+10.0;+Win64;+x64)+AppleWebKit/537.36+(KHTML,+like+Gecko)+Chrome/58.0.3029.110+Safari/537.36+Edge/16.16299 - 200 0 0 70
2018-02-22 23:23:23 ::1 GET /Home/Details/1 Artist=The%20Smiths&Name=The%20Queen%20Is%20Dead&Year=1986&Label=%E2%84%97%201986%20XL%20Recordings 57477 - ::1 Mozilla/5.0+(Windows+NT+10.0;+Win64;+x64)+AppleWebKit/537.36+(KHTML,+like+Gecko)+Chrome/58.0.3029.110+Safari/537.36+Edge/16.16299 http://localhost:57477/ 200 0 0 52
2018-02-22 23:23:23 ::1 GET / - 57477 - ::1 Mozilla/5.0+(Windows+NT+10.0;+Win64;+x64)+AppleWebKit/537.36+(KHTML,+like+Gecko)+Chrome/58.0.3029.110+Safari/537.36+Edge/16.16299 - 200 0 0 68
